<?xml version="1.0" encoding="UTF-8"?>
<!-- Generated by org.testng.reporters.JUnitXMLReporter -->
<testsuite ignored="16" hostname="DESKTOP-CTNIRRU" failures="1" tests="22" name="Test" time="70.781" errors="0" timestamp="2025-08-08T07:12:24 IST">
  <testcase classname="testNGbasics.TestAnnotationDetailed" name="hello3" time="0.014"/>
  <testcase classname="testNGbasics.TestAnnotationDetailed" name="hello4" time="0.003"/>
  <testcase classname="testNGbasics.TestAnnotationDetailed" name="hello1" time="0.001"/>
  <testcase classname="testNGbasics.TestAnnotationDetailed" name="hello2" time="0.001"/>
  <testcase classname="testNGbasics.TestAnnotationDetailed" name="hello" time="0.0"/>
  <testcase classname="testNGbasics.TestAnnotationDetailed" name="hello" time="0.002"/>
  <testcase classname="testNGbasics.TestAnnotationDetailed" name="hello" time="0.002"/>
  <testcase classname="testNGbasics.TestAnnotationDetailed" name="hello" time="0.001"/>
  <testcase classname="testNGbasics.TestAnnotationDetailed" name="hello" time="0.001"/>
  <testcase classname="testNGbasics.TimeSheet" name="headerTest" time="0.491"/>
  <testcase classname="testNGbasics.TimeSheet" name="sectionTest" time="0.398"/>
  <testcase classname="testNGbasics.TC2Learn" name="test3" time="0.001"/>
  <testcase classname="testNGbasics.TC2Learn" name="test4" time="0.001"/>
  <testcase classname="functionalFlow.AssertLearnBas" name="hello" time="0.008">
    <failure type="java.lang.AssertionError" message="expected [false] but found [true]">
      <![CDATA[java.lang.AssertionError: expected [false] but found [true]
at functionalFlow.AssertLearnBas.hello(AssertLearnBas.java:10)
at java.base/java.util.ArrayList.forEach(ArrayList.java:1597)
... Removed 32 stack frames]]>
    </failure>
  </testcase> <!-- hello -->
  <testcase classname="testNGbasics.LearnTestNG" name="testLEarn" time="4.185"/>
  <testcase classname="testNGbasics.LearnTestNG" name="testLEarn1" time="0.001"/>
  <testcase classname="testNGbasics.DBPageToTimeSheetTC" name="headerTest" time="0.425"/>
  <testcase classname="testNGbasics.DBPageToTimeSheetTC" name="sectionTest" time="0.342"/>
  <testcase classname="pimTCs.PIMTest" name="addUser" time="8.03"/>
  <testcase classname="pimTCs.PIMTest" name="searchUser" time="10.641"/>
  <testcase classname="testNGbasics.DashBoardTests" name="test1" time="1.626"/>
  <testcase classname="testNGbasics.DashBoardTests" name="test2" time="1.712"/>
  <testcase classname="testNGbasics.BaseTestNGAnnotations" name="@BeforeSuite suitStart" time="0.0">
    <ignored/>
  </testcase> <!-- @BeforeSuite suitStart -->
  <testcase classname="testNGbasics.BaseTestNGAnnotations" name="@BeforeTest beforeTest" time="0.0">
    <ignored/>
  </testcase> <!-- @BeforeTest beforeTest -->
  <testcase classname="testNGbasics.BaseTestNGAnnotations" name="@BeforeSuite suitStart" time="0.0">
    <ignored/>
  </testcase> <!-- @BeforeSuite suitStart -->
  <testcase classname="testNGbasics.BaseTestNGAnnotations" name="@AfterTest afterTest" time="0.0">
    <ignored/>
  </testcase> <!-- @AfterTest afterTest -->
  <testcase classname="testNGbasics.BaseTestNGAnnotations" name="@AfterTest afterTest" time="0.0">
    <ignored/>
  </testcase> <!-- @AfterTest afterTest -->
  <testcase classname="testNGbasics.BaseTestNGAnnotations" name="@AfterSuite suitEnd" time="0.0">
    <ignored/>
  </testcase> <!-- @AfterSuite suitEnd -->
  <testcase classname="testNGbasics.BaseTestNGAnnotations" name="@AfterSuite suitEnd" time="0.0">
    <ignored/>
  </testcase> <!-- @AfterSuite suitEnd -->
  <testcase classname="testNGbasics.BaseTestNGAnnotations" name="@BeforeSuite suitStart" time="0.0">
    <ignored/>
  </testcase> <!-- @BeforeSuite suitStart -->
  <testcase classname="testNGbasics.BaseTestNGAnnotations" name="@BeforeTest beforeTest" time="0.0">
    <ignored/>
  </testcase> <!-- @BeforeTest beforeTest -->
  <testcase classname="testNGbasics.BaseTestNGAnnotations" name="@BeforeTest beforeTest" time="0.0">
    <ignored/>
  </testcase> <!-- @BeforeTest beforeTest -->
  <testcase classname="testNGbasics.BaseTestNGAnnotations" name="@AfterSuite suitEnd" time="0.0">
    <ignored/>
  </testcase> <!-- @AfterSuite suitEnd -->
  <testcase classname="testNGbasics.BaseTestNGAnnotations" name="@BeforeSuite suitStart" time="0.0">
    <ignored/>
  </testcase> <!-- @BeforeSuite suitStart -->
  <testcase classname="testNGbasics.BaseTestNGAnnotations" name="@AfterTest afterTest" time="0.0">
    <ignored/>
  </testcase> <!-- @AfterTest afterTest -->
  <testcase classname="testNGbasics.BaseTestNGAnnotations" name="@AfterTest afterTest" time="0.0">
    <ignored/>
  </testcase> <!-- @AfterTest afterTest -->
  <testcase classname="testNGbasics.BaseTestNGAnnotations" name="@BeforeTest beforeTest" time="0.0">
    <ignored/>
  </testcase> <!-- @BeforeTest beforeTest -->
  <testcase classname="testNGbasics.BaseTestNGAnnotations" name="@AfterSuite suitEnd" time="0.0">
    <ignored/>
  </testcase> <!-- @AfterSuite suitEnd -->
</testsuite> <!-- Test -->
