<?xml version="1.0" encoding="UTF-8"?>
<testng-results ignored="0" total="2" passed="2" failed="0" skipped="0">
  <reporter-output>
  </reporter-output>
  <suite started-at="2025-08-17T07:36:28 IST" name="Default suite" finished-at="2025-08-17T07:37:01 IST" duration-ms="33037">
    <groups>
    </groups>
    <test started-at="2025-08-17T07:36:28 IST" name="Default test" finished-at="2025-08-17T07:37:01 IST" duration-ms="33037">
      <class name="pimTCs.PIMTest">
        <test-method is-config="true" signature="suitStart()[pri:0, instance:pimTCs.PIMTest@71e9ddb4]" started-at="2025-08-17T07:36:28 IST" name="suitStart" finished-at="2025-08-17T07:36:28 IST" duration-ms="16" status="PASS">
          <reporter-output>
          </reporter-output>
        </test-method> <!-- suitStart -->
        <test-method is-config="true" signature="beforeTest()[pri:0, instance:pimTCs.PIMTest@71e9ddb4]" started-at="2025-08-17T07:36:28 IST" name="beforeTest" finished-at="2025-08-17T07:36:33 IST" duration-ms="5186" status="PASS">
          <reporter-output>
          </reporter-output>
        </test-method> <!-- beforeTest -->
        <test-method is-config="true" signature="beforeClass()[pri:0, instance:pimTCs.PIMTest@71e9ddb4]" started-at="2025-08-17T07:36:33 IST" name="beforeClass" finished-at="2025-08-17T07:36:34 IST" duration-ms="852" status="PASS">
          <reporter-output>
          </reporter-output>
        </test-method> <!-- beforeClass -->
        <test-method is-config="true" signature="beforeMethod()[pri:0, instance:pimTCs.PIMTest@71e9ddb4]" started-at="2025-08-17T07:36:34 IST" name="beforeMethod" finished-at="2025-08-17T07:36:37 IST" duration-ms="2584" status="PASS">
          <reporter-output>
          </reporter-output>
        </test-method> <!-- beforeMethod -->
        <test-method signature="addUser()[pri:0, instance:pimTCs.PIMTest@71e9ddb4]" started-at="2025-08-17T07:36:37 IST" name="addUser" finished-at="2025-08-17T07:36:45 IST" duration-ms="7968" status="PASS">
          <reporter-output>
          </reporter-output>
        </test-method> <!-- addUser -->
        <test-method is-config="true" signature="afterMethod()[pri:0, instance:pimTCs.PIMTest@71e9ddb4]" started-at="2025-08-17T07:36:45 IST" name="afterMethod" finished-at="2025-08-17T07:36:46 IST" duration-ms="1033" status="PASS">
          <reporter-output>
          </reporter-output>
        </test-method> <!-- afterMethod -->
        <test-method is-config="true" signature="beforeMethod()[pri:0, instance:pimTCs.PIMTest@71e9ddb4]" started-at="2025-08-17T07:36:46 IST" name="beforeMethod" finished-at="2025-08-17T07:36:47 IST" duration-ms="1421" status="PASS">
          <reporter-output>
          </reporter-output>
        </test-method> <!-- beforeMethod -->
        <test-method signature="searchUser()[pri:0, instance:pimTCs.PIMTest@71e9ddb4]" started-at="2025-08-17T07:36:47 IST" name="searchUser" finished-at="2025-08-17T07:36:58 IST" depends-on-methods="pimTCs.PIMTest.addUser" duration-ms="10823" status="PASS">
          <reporter-output>
          </reporter-output>
        </test-method> <!-- searchUser -->
        <test-method is-config="true" signature="afterMethod()[pri:0, instance:pimTCs.PIMTest@71e9ddb4]" started-at="2025-08-17T07:36:58 IST" name="afterMethod" finished-at="2025-08-17T07:36:59 IST" duration-ms="891" status="PASS">
          <reporter-output>
          </reporter-output>
        </test-method> <!-- afterMethod -->
        <test-method is-config="true" signature="afterClass()[pri:0, instance:pimTCs.PIMTest@71e9ddb4]" started-at="2025-08-17T07:36:59 IST" name="afterClass" finished-at="2025-08-17T07:37:01 IST" duration-ms="1845" status="PASS">
          <reporter-output>
          </reporter-output>
        </test-method> <!-- afterClass -->
        <test-method is-config="true" signature="afterTest()[pri:0, instance:pimTCs.PIMTest@71e9ddb4]" started-at="2025-08-17T07:37:01 IST" name="afterTest" finished-at="2025-08-17T07:37:01 IST" duration-ms="371" status="PASS">
          <reporter-output>
          </reporter-output>
        </test-method> <!-- afterTest -->
        <test-method is-config="true" signature="suitEnd()[pri:0, instance:pimTCs.PIMTest@71e9ddb4]" started-at="2025-08-17T07:37:01 IST" name="suitEnd" finished-at="2025-08-17T07:37:01 IST" duration-ms="0" status="PASS">
          <reporter-output>
          </reporter-output>
        </test-method> <!-- suitEnd -->
      </class> <!-- pimTCs.PIMTest -->
    </test> <!-- Default test -->
  </suite> <!-- Default suite -->
</testng-results>
